<?xml version="1.0" encoding="UTF-8"?>
<testng-results ignored="0" total="1" passed="1" failed="0" skipped="0">
  <reporter-output>
  </reporter-output>
  <suite started-at="2026-02-23T15:01:35 IST" name="Failed suite [Default suite]" finished-at="2026-02-23T15:01:57 IST" duration-ms="21625">
    <groups>
    </groups>
    <test started-at="2026-02-23T15:01:35 IST" name="Default test(failed)" finished-at="2026-02-23T15:01:57 IST" duration-ms="21625">
      <class name="MavenPackage.MavenProject.TestCase1_AmazonLogin">
        <test-method is-config="true" signature="launch()[pri:0, instance:MavenPackage.MavenProject.TestCase1_AmazonLogin@5b7a5baa]" started-at="2026-02-23T15:01:35 IST" name="launch" finished-at="2026-02-23T15:01:45 IST" duration-ms="9589" status="PASS">
          <reporter-output>
          </reporter-output>
        </test-method> <!-- launch -->
        <test-method signature="withValidCred()[pri:0, instance:MavenPackage.MavenProject.TestCase1_AmazonLogin@5b7a5baa]" started-at="2026-02-23T15:01:45 IST" name="withValidCred" finished-at="2026-02-23T15:01:54 IST" duration-ms="9710" status="PASS">
          <reporter-output>
          </reporter-output>
        </test-method> <!-- withValidCred -->
        <test-method is-config="true" signature="close()[pri:0, instance:MavenPackage.MavenProject.TestCase1_AmazonLogin@5b7a5baa]" started-at="2026-02-23T15:01:54 IST" name="close" finished-at="2026-02-23T15:01:57 IST" duration-ms="2276" status="PASS">
          <reporter-output>
          </reporter-output>
        </test-method> <!-- close -->
      </class> <!-- MavenPackage.MavenProject.TestCase1_AmazonLogin -->
    </test> <!-- Default test(failed) -->
  </suite> <!-- Failed suite [Default suite] -->
</testng-results>
